2025-06-11 17:10:39,449 - INFO - --------------------------------------------
2025-06-11 17:10:39,449 - INFO - Entered Main Function...
2025-06-11 17:10:40,151 - INFO - Records found within the date range. Running reconciliation...
2025-06-11 17:10:40,151 - INFO - Entering Reconciliation for RECHARGE Service
2025-06-11 17:10:40,153 - INFO - Recharge service: Column 'REFID' renamed to 'REFID'
2025-06-11 17:10:40,153 - INFO - Fetching data from HUB for RECHARGE
2025-06-11 17:10:40,154 - INFO - Entered helper function to execute SQL with retry logic
2025-06-11 17:11:09,470 - INFO - Fetching Data from EBO Wallet Transaction
2025-06-11 17:11:09,471 - INFO - Entered helper function to execute SQL with retry logic
2025-06-11 17:11:10,410 - INFO - Entered Tenant filtering function
2025-06-11 17:11:10,410 - INFO - Entered helper function to execute SQL with retry logic
2025-06-11 17:11:10,638 - INFO - Filteration Starts for RECHARGE service
2025-06-11 17:11:10,722 - INFO - Filteration Ends
2025-06-11 17:11:10,723 - INFO - Reconciliation Ends
2025-06-11 17:11:10,764 - INFO - Result sent as API
2025-06-11 17:11:10,764 - INFO - ----------------------------------
2025-06-11 17:14:37,464 - INFO - --------------------------------------------
2025-06-11 17:14:37,464 - INFO - Entered Main Function...
2025-06-11 17:14:38,053 - INFO - Records found within the date range. Running reconciliation...
2025-06-11 17:14:38,054 - INFO - Entering Reconciliation for RECHARGE Service
2025-06-11 17:14:38,055 - INFO - Recharge service: Column 'REFID' renamed to 'REFID'
2025-06-11 17:14:38,055 - INFO - Fetching data from HUB for RECHARGE
2025-06-11 17:14:38,055 - INFO - Entered helper function to execute SQL with retry logic
2025-06-11 17:14:58,275 - INFO - Fetching Data from EBO Wallet Transaction
2025-06-11 17:14:58,275 - INFO - Entered helper function to execute SQL with retry logic
2025-06-11 17:14:59,306 - INFO - Entered Tenant filtering function
2025-06-11 17:14:59,309 - INFO - Entered helper function to execute SQL with retry logic
2025-06-11 17:15:00,768 - INFO - Filteration Starts for RECHARGE service
2025-06-11 17:15:00,875 - INFO - Filteration Ends
2025-06-11 17:15:00,876 - INFO - Reconciliation Ends
2025-06-11 17:15:00,939 - INFO - Result sent as API
2025-06-11 17:15:00,939 - INFO - ----------------------------------
2025-06-11 17:16:21,138 - INFO - --------------------------------------------
2025-06-11 17:16:21,138 - INFO - Entered Main Function...
2025-06-11 17:16:21,509 - INFO - Records found within the date range. Running reconciliation...
2025-06-11 17:16:21,509 - INFO - Entering Reconciliation for RECHARGE Service
2025-06-11 17:16:21,510 - INFO - Recharge service: Column 'REFID' renamed to 'REFID'
2025-06-11 17:16:21,510 - INFO - Fetching data from HUB for RECHARGE
2025-06-11 17:16:21,511 - INFO - Entered helper function to execute SQL with retry logic
2025-06-11 17:16:50,457 - INFO - Fetching Data from EBO Wallet Transaction
2025-06-11 17:16:50,459 - INFO - Entered helper function to execute SQL with retry logic
2025-06-11 17:16:51,430 - INFO - Entered Tenant filtering function
2025-06-11 17:16:51,450 - INFO - Entered helper function to execute SQL with retry logic
2025-06-11 17:16:51,688 - INFO - Filteration Starts for RECHARGE service
2025-06-11 17:16:51,784 - INFO - Filteration Ends
2025-06-11 17:16:51,785 - INFO - Reconciliation Ends
2025-06-11 17:16:51,825 - INFO - Result sent as API
2025-06-11 17:16:51,825 - INFO - ----------------------------------
2025-06-11 17:17:32,949 - INFO - --------------------------------------------
2025-06-11 17:17:32,950 - INFO - Entered Main Function...
2025-06-11 17:17:33,366 - INFO - Records found within the date range. Running reconciliation...
2025-06-11 17:17:33,366 - INFO - Entering Reconciliation for RECHARGE Service
2025-06-11 17:17:33,368 - INFO - Recharge service: Column 'REFID' renamed to 'REFID'
2025-06-11 17:17:33,368 - INFO - Fetching data from HUB for RECHARGE
2025-06-11 17:17:33,368 - INFO - Entered helper function to execute SQL with retry logic
2025-06-11 17:17:52,523 - INFO - Fetching Data from EBO Wallet Transaction
2025-06-11 17:17:52,524 - INFO - Entered helper function to execute SQL with retry logic
2025-06-11 17:17:53,381 - INFO - Entered Tenant filtering function
2025-06-11 17:17:53,381 - INFO - Entered helper function to execute SQL with retry logic
2025-06-11 17:17:54,432 - INFO - Filteration Starts for RECHARGE service
2025-06-11 17:17:54,559 - INFO - Filteration Ends
2025-06-11 17:17:54,560 - INFO - Reconciliation Ends
2025-06-11 17:17:54,613 - INFO - Result sent as API
2025-06-11 17:17:54,613 - INFO - ----------------------------------
2025-06-11 17:25:26,331 - INFO - --------------------------------------------
2025-06-11 17:25:26,332 - INFO - Entered Main Function...
2025-06-11 17:25:26,762 - INFO - Records found within the date range. Running reconciliation...
2025-06-11 17:25:26,763 - INFO - Entering Reconciliation for RECHARGE Service
2025-06-11 17:25:26,764 - INFO - Recharge service: Column 'REFID' renamed to 'REFID'
2025-06-11 17:25:26,764 - INFO - Fetching data from HUB for RECHARGE
2025-06-11 17:25:26,765 - INFO - Entered helper function to execute SQL with retry logic
2025-06-11 17:25:58,244 - INFO - Fetching Data from EBO Wallet Transaction
2025-06-11 17:25:58,244 - INFO - Entered helper function to execute SQL with retry logic
2025-06-11 17:25:59,094 - INFO - Entered Tenant filtering function
2025-06-11 17:25:59,095 - INFO - Entered helper function to execute SQL with retry logic
2025-06-11 17:25:59,320 - INFO - Filteration Starts for RECHARGE service
2025-06-11 17:25:59,388 - INFO - Filteration Ends
2025-06-11 17:25:59,388 - INFO - Reconciliation Ends
2025-06-11 17:25:59,429 - INFO - Result sent as API
2025-06-11 17:25:59,429 - INFO - ----------------------------------
2025-06-11 17:28:01,448 - INFO - --------------------------------------------
2025-06-11 17:28:01,448 - INFO - Entered Main Function...
2025-06-11 17:28:01,938 - INFO - Records found within the date range. Running reconciliation...
2025-06-11 17:28:01,939 - INFO - Entering Reconciliation for RECHARGE Service
2025-06-11 17:28:01,940 - INFO - Recharge service: Column 'REFID' renamed to 'REFID'
2025-06-11 17:28:01,941 - INFO - Fetching data from HUB for RECHARGE
2025-06-11 17:28:01,941 - INFO - Entered helper function to execute SQL with retry logic
2025-06-11 17:28:21,648 - INFO - Fetching Data from EBO Wallet Transaction
2025-06-11 17:28:21,648 - INFO - Entered helper function to execute SQL with retry logic
2025-06-11 17:28:22,789 - INFO - Entered Tenant filtering function
2025-06-11 17:28:22,789 - INFO - Entered helper function to execute SQL with retry logic
2025-06-11 17:28:24,089 - INFO - Filteration Starts for RECHARGE service
2025-06-11 17:28:24,180 - INFO - Filteration Ends
2025-06-11 17:28:24,181 - INFO - Reconciliation Ends
2025-06-11 17:28:24,226 - INFO - Result sent as API
2025-06-11 17:28:24,227 - INFO - ----------------------------------
2025-06-11 17:35:01,761 - INFO - --------------------------------------------
2025-06-11 17:35:01,761 - INFO - Entered Main Function...
2025-06-11 17:35:02,322 - INFO - Records found within the date range. Running reconciliation...
2025-06-11 17:35:02,322 - INFO - Entering Reconciliation for RECHARGE Service
2025-06-11 17:35:02,324 - INFO - Recharge service: Column 'REFID' renamed to 'REFID'
2025-06-11 17:35:02,324 - INFO - Fetching data from HUB for RECHARGE
2025-06-11 17:35:02,325 - INFO - Entered helper function to execute SQL with retry logic
2025-06-11 17:35:21,508 - INFO - Fetching Data from EBO Wallet Transaction
2025-06-11 17:35:21,508 - INFO - Entered helper function to execute SQL with retry logic
2025-06-11 17:35:22,398 - INFO - Entered Tenant filtering function
2025-06-11 17:35:22,400 - INFO - Entered helper function to execute SQL with retry logic
2025-06-11 17:35:24,156 - INFO - Filteration Starts for RECHARGE service
2025-06-11 17:35:24,252 - INFO - Filteration Ends
2025-06-11 17:35:24,253 - INFO - Reconciliation Ends
2025-06-11 17:35:24,278 - INFO - Result sent as API
2025-06-11 17:35:24,278 - INFO - ----------------------------------
2025-06-11 18:11:43,939 - INFO - --------------------------------------------
2025-06-11 18:11:43,940 - INFO - Entered Main Function...
2025-06-11 18:11:44,491 - INFO - Records found within the date range. Running reconciliation...
2025-06-11 18:11:44,491 - INFO - Entering Reconciliation for AEPS Service
2025-06-11 18:11:44,494 - INFO - AEPS service: Column 'SERIALNUMBER' renamed to 'REFID'
2025-06-11 18:11:44,494 - INFO - Fetching data from HUB for AEPS
2025-06-11 18:11:44,495 - INFO - Entered helper function to execute SQL with retry logic
2025-06-11 18:11:45,890 - INFO - Fetching Data from EBO Wallet Transaction
2025-06-11 18:11:45,891 - INFO - Entered helper function to execute SQL with retry logic
2025-06-11 18:11:46,548 - INFO - Entered Tenant filtering function
2025-06-11 18:11:46,548 - INFO - Entered helper function to execute SQL with retry logic
2025-06-11 18:11:46,877 - INFO - Filteration Starts for AEPS service
2025-06-11 18:11:46,970 - INFO - Filteration Ends
2025-06-11 18:11:46,970 - INFO - Reconciliation Ends
2025-06-11 18:11:47,006 - INFO - Result sent as API
2025-06-11 18:11:47,006 - INFO - ----------------------------------
2025-06-11 18:15:43,218 - INFO - --------------------------------------------
2025-06-11 18:15:43,218 - INFO - Entered Main Function...
2025-06-11 18:15:43,517 - INFO - Records found within the date range. Running reconciliation...
2025-06-11 18:15:43,517 - INFO - Entering Reconciliation for AEPS Service
2025-06-11 18:15:43,518 - INFO - AEPS service: Column 'SERIALNUMBER' renamed to 'REFID'
2025-06-11 18:15:43,518 - INFO - Fetching data from HUB for AEPS
2025-06-11 18:15:43,518 - INFO - Entered helper function to execute SQL with retry logic
2025-06-11 18:15:45,088 - INFO - Fetching Data from EBO Wallet Transaction
2025-06-11 18:15:45,089 - INFO - Entered helper function to execute SQL with retry logic
2025-06-11 18:15:45,827 - INFO - Entered Tenant filtering function
2025-06-11 18:15:45,827 - INFO - Entered helper function to execute SQL with retry logic
2025-06-11 18:15:46,186 - INFO - Filteration Starts for AEPS service
2025-06-11 18:15:46,277 - INFO - Filteration Ends
2025-06-11 18:15:46,277 - INFO - Reconciliation Ends
2025-06-11 18:15:46,303 - INFO - Result sent as API
2025-06-11 18:15:46,303 - INFO - ----------------------------------
2025-06-11 18:17:56,027 - INFO - --------------------------------------------
2025-06-11 18:17:56,027 - INFO - Entered Main Function...
2025-06-11 18:17:56,078 - INFO - Records found within the date range. Running reconciliation...
2025-06-11 18:17:56,079 - INFO - Entering Reconciliation for AEPS Service
2025-06-11 18:17:56,080 - INFO - AEPS service: Column 'SERIALNUMBER' renamed to 'REFID'
2025-06-11 18:17:56,081 - INFO - Fetching data from HUB for AEPS
2025-06-11 18:17:56,085 - INFO - Entered helper function to execute SQL with retry logic
2025-06-11 18:17:56,090 - ERROR - Error during SQL execution: (pymysql.err.OperationalError) (2013, 'Lost connection to MySQL server during query')
[SQL: 
        SELECT 
            mt2.TransactionRefNum AS IHUB_REFERENCE,
            pat.BankRrn AS VENDOR_REFERENCE,
            mt2.TenantDetailId as TENANT_ID,
            u.UserName as IHUB_USERNAME,
            mt2.TransactionStatus AS IHUB_MASTER_STATUS,
            pat.CreationTs AS SERVICE_DATE,
            pat.TransStatus AS service_status,
            CASE 
                WHEN a.IHubReferenceId IS NOT NULL THEN 'Yes'
                ELSE 'No'
            END AS IHUB_LEDGER_STATUS
        FROM ihubcore.MasterTransaction mt2 
        LEFT JOIN ihubcore.MasterSubTransaction mst
            ON mst.MasterTransactionId = mt2.Id
        LEFT JOIN ihubcore.PsAepsTransaction pat 
            ON pat.MasterSubTransactionId = mst.Id
        LEFT JOIN tenantinetcsc.EboDetail ed
            ON mt2.EboDetailId = ed.Id
        LEFT JOIN tenantinetcsc.`User` u
            ON u.id = ed.UserId
        LEFT JOIN (
            SELECT DISTINCT iwt.IHubReferenceId AS IHubReferenceId
            FROM ihubcore.IHubWalletTransaction iwt
            WHERE DATE(iwt.CreationTs) BETWEEN %(start_date)s AND CURRENT_DATE()
        ) a 
            ON a.IHubReferenceId = mt2.TransactionRefNum
        WHERE pat.TransMode = %(transaction_type)s
        AND DATE(pat.CreationTs) BETWEEN %(start_date)s AND %(end_date)s
    ]
[parameters: {'start_date': datetime.date(2025, 6, 9), 'transaction_type': '2', 'end_date': datetime.date(2025, 6, 10)}]
(Background on this error at: https://sqlalche.me/e/20/e3q8)
2025-06-11 18:17:57,094 - INFO - Entered helper function to execute SQL with retry logic
2025-06-11 18:17:58,929 - INFO - Fetching Data from EBO Wallet Transaction
2025-06-11 18:17:58,930 - INFO - Entered helper function to execute SQL with retry logic
2025-06-11 18:17:59,951 - INFO - Entered Tenant filtering function
2025-06-11 18:17:59,952 - INFO - Entered helper function to execute SQL with retry logic
2025-06-11 18:18:00,295 - INFO - Filteration Starts for AEPS service
2025-06-11 18:18:00,693 - INFO - Filteration Ends
2025-06-11 18:18:00,693 - INFO - Reconciliation Ends
2025-06-11 18:18:00,829 - INFO - Result sent as API
2025-06-11 18:18:00,829 - INFO - ----------------------------------
2025-06-11 18:19:52,765 - INFO - --------------------------------------------
2025-06-11 18:19:52,766 - INFO - Entered Main Function...
2025-06-11 18:19:52,810 - INFO - Records found within the date range. Running reconciliation...
2025-06-11 18:19:52,811 - INFO - Entering Reconciliation for AEPS Service
2025-06-11 18:19:52,812 - INFO - AEPS service: Column 'SERIALNUMBER' renamed to 'REFID'
2025-06-11 18:19:52,812 - INFO - Fetching data from HUB for AEPS
2025-06-11 18:19:52,813 - INFO - Entered helper function to execute SQL with retry logic
2025-06-11 18:19:52,814 - ERROR - Error during SQL execution: (pymysql.err.OperationalError) (2013, 'Lost connection to MySQL server during query')
[SQL: 
        SELECT 
            mt2.TransactionRefNum AS IHUB_REFERENCE,
            pat.BankRrn AS VENDOR_REFERENCE,
            mt2.TenantDetailId as TENANT_ID,
            u.UserName as IHUB_USERNAME,
            mt2.TransactionStatus AS IHUB_MASTER_STATUS,
            pat.CreationTs AS SERVICE_DATE,
            pat.TransStatus AS service_status,
            CASE 
                WHEN a.IHubReferenceId IS NOT NULL THEN 'Yes'
                ELSE 'No'
            END AS IHUB_LEDGER_STATUS
        FROM ihubcore.MasterTransaction mt2 
        LEFT JOIN ihubcore.MasterSubTransaction mst
            ON mst.MasterTransactionId = mt2.Id
        LEFT JOIN ihubcore.PsAepsTransaction pat 
            ON pat.MasterSubTransactionId = mst.Id
        LEFT JOIN tenantinetcsc.EboDetail ed
            ON mt2.EboDetailId = ed.Id
        LEFT JOIN tenantinetcsc.`User` u
            ON u.id = ed.UserId
        LEFT JOIN (
            SELECT DISTINCT iwt.IHubReferenceId AS IHubReferenceId
            FROM ihubcore.IHubWalletTransaction iwt
            WHERE DATE(iwt.CreationTs) BETWEEN %(start_date)s AND CURRENT_DATE()
        ) a 
            ON a.IHubReferenceId = mt2.TransactionRefNum
        WHERE pat.TransMode = %(transaction_type)s
        AND DATE(pat.CreationTs) BETWEEN %(start_date)s AND %(end_date)s
    ]
[parameters: {'start_date': datetime.date(2025, 6, 9), 'transaction_type': '2', 'end_date': datetime.date(2025, 6, 10)}]
(Background on this error at: https://sqlalche.me/e/20/e3q8)
2025-06-11 18:19:53,815 - INFO - Entered helper function to execute SQL with retry logic
2025-06-11 18:19:55,058 - INFO - Fetching Data from EBO Wallet Transaction
2025-06-11 18:19:55,059 - INFO - Entered helper function to execute SQL with retry logic
2025-06-11 18:19:55,735 - INFO - Entered Tenant filtering function
2025-06-11 18:19:55,737 - INFO - Entered helper function to execute SQL with retry logic
2025-06-11 18:19:56,125 - INFO - Filteration Starts for AEPS service
2025-06-11 18:19:56,253 - INFO - Filteration Ends
2025-06-11 18:19:56,253 - INFO - Reconciliation Ends
2025-06-11 18:19:56,337 - INFO - Result sent as API
2025-06-11 18:19:56,338 - INFO - ----------------------------------
2025-06-11 18:21:31,720 - INFO - --------------------------------------------
2025-06-11 18:21:31,720 - INFO - Entered Main Function...
2025-06-11 18:21:31,767 - INFO - Records found within the date range. Running reconciliation...
2025-06-11 18:21:31,768 - INFO - Entering Reconciliation for AEPS Service
2025-06-11 18:21:31,769 - INFO - AEPS service: Column 'SERIALNUMBER' renamed to 'REFID'
2025-06-11 18:21:31,769 - INFO - Fetching data from HUB for AEPS
2025-06-11 18:21:31,771 - INFO - Entered helper function to execute SQL with retry logic
2025-06-11 18:21:31,775 - ERROR - Error during SQL execution: (pymysql.err.OperationalError) (2013, 'Lost connection to MySQL server during query')
[SQL: 
        SELECT 
            mt2.TransactionRefNum AS IHUB_REFERENCE,
            pat.BankRrn AS VENDOR_REFERENCE,
            mt2.TenantDetailId as TENANT_ID,
            u.UserName as IHUB_USERNAME,
            mt2.TransactionStatus AS IHUB_MASTER_STATUS,
            pat.CreationTs AS SERVICE_DATE,
            pat.TransStatus AS service_status,
            CASE 
                WHEN a.IHubReferenceId IS NOT NULL THEN 'Yes'
                ELSE 'No'
            END AS IHUB_LEDGER_STATUS
        FROM ihubcore.MasterTransaction mt2 
        LEFT JOIN ihubcore.MasterSubTransaction mst
            ON mst.MasterTransactionId = mt2.Id
        LEFT JOIN ihubcore.PsAepsTransaction pat 
            ON pat.MasterSubTransactionId = mst.Id
        LEFT JOIN tenantinetcsc.EboDetail ed
            ON mt2.EboDetailId = ed.Id
        LEFT JOIN tenantinetcsc.`User` u
            ON u.id = ed.UserId
        LEFT JOIN (
            SELECT DISTINCT iwt.IHubReferenceId AS IHubReferenceId
            FROM ihubcore.IHubWalletTransaction iwt
            WHERE DATE(iwt.CreationTs) BETWEEN %(start_date)s AND CURRENT_DATE()
        ) a 
            ON a.IHubReferenceId = mt2.TransactionRefNum
        WHERE pat.TransMode = %(transaction_type)s
        AND DATE(pat.CreationTs) BETWEEN %(start_date)s AND %(end_date)s
    ]
[parameters: {'start_date': datetime.date(2025, 6, 9), 'transaction_type': '2', 'end_date': datetime.date(2025, 6, 10)}]
(Background on this error at: https://sqlalche.me/e/20/e3q8)
2025-06-11 18:21:32,776 - INFO - Entered helper function to execute SQL with retry logic
2025-06-11 18:21:33,976 - INFO - Fetching Data from EBO Wallet Transaction
2025-06-11 18:21:33,977 - INFO - Entered helper function to execute SQL with retry logic
2025-06-11 18:21:34,630 - INFO - Entered Tenant filtering function
2025-06-11 18:21:34,631 - INFO - Entered helper function to execute SQL with retry logic
2025-06-11 18:21:34,997 - INFO - Filteration Starts for AEPS service
2025-06-11 18:21:35,123 - INFO - Filteration Ends
2025-06-11 18:21:35,123 - INFO - Reconciliation Ends
2025-06-11 18:21:35,186 - INFO - Result sent as API
2025-06-11 18:21:35,186 - INFO - ----------------------------------
2025-06-11 18:22:58,315 - INFO - --------------------------------------------
2025-06-11 18:22:58,315 - INFO - Entered Main Function...
2025-06-11 18:22:58,368 - INFO - Records found within the date range. Running reconciliation...
2025-06-11 18:22:58,369 - INFO - Entering Reconciliation for AEPS Service
2025-06-11 18:22:58,370 - INFO - AEPS service: Column 'SERIALNUMBER' renamed to 'REFID'
2025-06-11 18:22:58,370 - INFO - Fetching data from HUB for AEPS
2025-06-11 18:22:58,371 - INFO - Entered helper function to execute SQL with retry logic
2025-06-11 18:22:58,372 - ERROR - Error during SQL execution: (pymysql.err.OperationalError) (2013, 'Lost connection to MySQL server during query')
[SQL: 
        SELECT 
            mt2.TransactionRefNum AS IHUB_REFERENCE,
            pat.BankRrn AS VENDOR_REFERENCE,
            mt2.TenantDetailId as TENANT_ID,
            u.UserName as IHUB_USERNAME,
            mt2.TransactionStatus AS IHUB_MASTER_STATUS,
            pat.CreationTs AS SERVICE_DATE,
            pat.TransStatus AS service_status,
            CASE 
                WHEN a.IHubReferenceId IS NOT NULL THEN 'Yes'
                ELSE 'No'
            END AS IHUB_LEDGER_STATUS
        FROM ihubcore.MasterTransaction mt2 
        LEFT JOIN ihubcore.MasterSubTransaction mst
            ON mst.MasterTransactionId = mt2.Id
        LEFT JOIN ihubcore.PsAepsTransaction pat 
            ON pat.MasterSubTransactionId = mst.Id
        LEFT JOIN tenantinetcsc.EboDetail ed
            ON mt2.EboDetailId = ed.Id
        LEFT JOIN tenantinetcsc.`User` u
            ON u.id = ed.UserId
        LEFT JOIN (
            SELECT DISTINCT iwt.IHubReferenceId AS IHubReferenceId
            FROM ihubcore.IHubWalletTransaction iwt
            WHERE DATE(iwt.CreationTs) BETWEEN %(start_date)s AND CURRENT_DATE()
        ) a 
            ON a.IHubReferenceId = mt2.TransactionRefNum
        WHERE pat.TransMode = %(transaction_type)s
        AND DATE(pat.CreationTs) BETWEEN %(start_date)s AND %(end_date)s
    ]
[parameters: {'start_date': datetime.date(2025, 6, 9), 'transaction_type': '2', 'end_date': datetime.date(2025, 6, 10)}]
(Background on this error at: https://sqlalche.me/e/20/e3q8)
2025-06-11 18:22:59,373 - INFO - Entered helper function to execute SQL with retry logic
2025-06-11 18:23:00,622 - INFO - Fetching Data from EBO Wallet Transaction
2025-06-11 18:23:00,622 - INFO - Entered helper function to execute SQL with retry logic
2025-06-11 18:23:01,384 - INFO - Entered Tenant filtering function
2025-06-11 18:23:01,385 - INFO - Entered helper function to execute SQL with retry logic
2025-06-11 18:23:01,710 - INFO - Filteration Starts for AEPS service
2025-06-11 18:23:01,787 - INFO - Filteration Ends
2025-06-11 18:23:01,788 - INFO - Reconciliation Ends
2025-06-11 18:23:01,821 - INFO - Result sent as API
2025-06-11 18:23:01,822 - INFO - ----------------------------------
2025-06-11 18:23:40,041 - INFO - --------------------------------------------
2025-06-11 18:23:40,041 - INFO - Entered Main Function...
2025-06-11 18:23:40,068 - INFO - Records found within the date range. Running reconciliation...
2025-06-11 18:23:40,068 - INFO - Entering Reconciliation for AEPS Service
2025-06-11 18:23:40,069 - INFO - AEPS service: Column 'SERIALNUMBER' renamed to 'REFID'
2025-06-11 18:23:40,069 - INFO - Fetching data from HUB for AEPS
2025-06-11 18:23:40,070 - INFO - Entered helper function to execute SQL with retry logic
2025-06-11 18:23:40,071 - ERROR - Error during SQL execution: (pymysql.err.OperationalError) (2013, 'Lost connection to MySQL server during query')
[SQL: 
        SELECT 
            mt2.TransactionRefNum AS IHUB_REFERENCE,
            pat.BankRrn AS VENDOR_REFERENCE,
            mt2.TenantDetailId as TENANT_ID,
            u.UserName as IHUB_USERNAME,
            mt2.TransactionStatus AS IHUB_MASTER_STATUS,
            pat.CreationTs AS SERVICE_DATE,
            pat.TransStatus AS service_status,
            CASE 
                WHEN a.IHubReferenceId IS NOT NULL THEN 'Yes'
                ELSE 'No'
            END AS IHUB_LEDGER_STATUS
        FROM ihubcore.MasterTransaction mt2 
        LEFT JOIN ihubcore.MasterSubTransaction mst
            ON mst.MasterTransactionId = mt2.Id
        LEFT JOIN ihubcore.PsAepsTransaction pat 
            ON pat.MasterSubTransactionId = mst.Id
        LEFT JOIN tenantinetcsc.EboDetail ed
            ON mt2.EboDetailId = ed.Id
        LEFT JOIN tenantinetcsc.`User` u
            ON u.id = ed.UserId
        LEFT JOIN (
            SELECT DISTINCT iwt.IHubReferenceId AS IHubReferenceId
            FROM ihubcore.IHubWalletTransaction iwt
            WHERE DATE(iwt.CreationTs) BETWEEN %(start_date)s AND CURRENT_DATE()
        ) a 
            ON a.IHubReferenceId = mt2.TransactionRefNum
        WHERE pat.TransMode = %(transaction_type)s
        AND DATE(pat.CreationTs) BETWEEN %(start_date)s AND %(end_date)s
    ]
[parameters: {'start_date': datetime.date(2025, 6, 9), 'transaction_type': '2', 'end_date': datetime.date(2025, 6, 10)}]
(Background on this error at: https://sqlalche.me/e/20/e3q8)
2025-06-11 18:23:41,072 - INFO - Entered helper function to execute SQL with retry logic
2025-06-11 18:23:42,992 - INFO - Fetching Data from EBO Wallet Transaction
2025-06-11 18:23:42,993 - INFO - Entered helper function to execute SQL with retry logic
2025-06-11 18:23:44,072 - INFO - Entered Tenant filtering function
2025-06-11 18:23:44,073 - INFO - Entered helper function to execute SQL with retry logic
2025-06-11 18:23:44,434 - INFO - Filteration Starts for AEPS service
2025-06-11 18:23:44,530 - INFO - Filteration Ends
2025-06-11 18:23:44,531 - INFO - Reconciliation Ends
2025-06-11 18:23:44,560 - INFO - Result sent as API
2025-06-11 18:23:44,561 - INFO - ----------------------------------
2025-06-11 18:28:50,851 - INFO - --------------------------------------------
2025-06-11 18:28:50,851 - INFO - Entered Main Function...
2025-06-11 18:28:51,393 - INFO - Records found within the date range. Running reconciliation...
2025-06-11 18:28:51,393 - INFO - Entering Reconciliation for AEPS Service
2025-06-11 18:28:51,394 - INFO - AEPS service: Column 'SERIALNUMBER' renamed to 'REFID'
2025-06-11 18:28:51,394 - INFO - Fetching data from HUB for AEPS
2025-06-11 18:28:51,394 - INFO - Entered helper function to execute SQL with retry logic
2025-06-11 18:28:52,866 - INFO - Fetching Data from EBO Wallet Transaction
2025-06-11 18:28:52,866 - INFO - Entered helper function to execute SQL with retry logic
2025-06-11 18:28:53,541 - INFO - Entered Tenant filtering function
2025-06-11 18:28:53,542 - INFO - Entered helper function to execute SQL with retry logic
2025-06-11 18:28:53,862 - INFO - Filteration Starts for AEPS service
2025-06-11 18:28:53,930 - INFO - Filteration Ends
2025-06-11 18:28:53,930 - INFO - Reconciliation Ends
2025-06-11 18:28:53,956 - INFO - Result sent as API
2025-06-11 18:28:53,957 - INFO - ----------------------------------
2025-06-11 18:29:09,198 - INFO - --------------------------------------------
2025-06-11 18:29:09,198 - INFO - Entered Main Function...
2025-06-11 18:29:09,231 - INFO - Records found within the date range. Running reconciliation...
2025-06-11 18:29:09,231 - INFO - Entering Reconciliation for AEPS Service
2025-06-11 18:29:09,232 - INFO - AEPS service: Column 'SERIALNUMBER' renamed to 'REFID'
2025-06-11 18:29:09,232 - INFO - Fetching data from HUB for AEPS
2025-06-11 18:29:09,233 - INFO - Entered helper function to execute SQL with retry logic
2025-06-11 18:29:10,276 - INFO - Fetching Data from EBO Wallet Transaction
2025-06-11 18:29:10,277 - INFO - Entered helper function to execute SQL with retry logic
2025-06-11 18:29:10,952 - INFO - Entered Tenant filtering function
2025-06-11 18:29:10,953 - INFO - Entered helper function to execute SQL with retry logic
2025-06-11 18:29:11,282 - INFO - Filteration Starts for AEPS service
2025-06-11 18:29:11,349 - INFO - Filteration Ends
2025-06-11 18:29:11,349 - INFO - Reconciliation Ends
2025-06-11 18:29:11,372 - INFO - Result sent as API
2025-06-11 18:29:11,373 - INFO - ----------------------------------
2025-06-11 18:29:20,415 - INFO - --------------------------------------------
2025-06-11 18:29:20,416 - INFO - Entered Main Function...
2025-06-11 18:29:20,442 - INFO - Records found within the date range. Running reconciliation...
2025-06-11 18:29:20,442 - INFO - Entering Reconciliation for AEPS Service
2025-06-11 18:29:20,443 - INFO - AEPS service: Column 'SERIALNUMBER' renamed to 'REFID'
2025-06-11 18:29:20,443 - INFO - Fetching data from HUB for AEPS
2025-06-11 18:29:20,443 - INFO - Entered helper function to execute SQL with retry logic
2025-06-11 18:29:21,531 - INFO - Fetching Data from EBO Wallet Transaction
2025-06-11 18:29:21,532 - INFO - Entered helper function to execute SQL with retry logic
2025-06-11 18:29:22,549 - INFO - Entered Tenant filtering function
2025-06-11 18:29:22,550 - INFO - Entered helper function to execute SQL with retry logic
2025-06-11 18:29:22,961 - INFO - Filteration Starts for AEPS service
2025-06-11 18:29:23,089 - INFO - Filteration Ends
2025-06-11 18:29:23,089 - INFO - Reconciliation Ends
2025-06-11 18:29:23,127 - INFO - Result sent as API
2025-06-11 18:29:23,128 - INFO - ----------------------------------
2025-06-11 18:31:08,632 - INFO - --------------------------------------------
2025-06-11 18:31:08,632 - INFO - Entered Main Function...
2025-06-11 18:31:08,672 - INFO - Records found within the date range. Running reconciliation...
2025-06-11 18:31:08,673 - INFO - Entering Reconciliation for AEPS Service
2025-06-11 18:31:08,674 - INFO - AEPS service: Column 'SERIALNUMBER' renamed to 'REFID'
2025-06-11 18:31:08,674 - INFO - Fetching data from HUB for AEPS
2025-06-11 18:31:08,674 - INFO - Entered helper function to execute SQL with retry logic
2025-06-11 18:31:08,675 - ERROR - Error during SQL execution: (pymysql.err.OperationalError) (2013, 'Lost connection to MySQL server during query')
[SQL: 
        SELECT 
            mt2.TransactionRefNum AS IHUB_REFERENCE,
            pat.BankRrn AS VENDOR_REFERENCE,
            mt2.TenantDetailId as TENANT_ID,
            u.UserName as IHUB_USERNAME,
            mt2.TransactionStatus AS IHUB_MASTER_STATUS,
            pat.CreationTs AS SERVICE_DATE,
            pat.TransStatus AS service_status,
            pat.Amount as AMOUNT,
            CASE 
                WHEN a.IHubReferenceId IS NOT NULL THEN 'Yes'
                ELSE 'No'
            END AS IHUB_LEDGER_STATUS
        FROM ihubcore.MasterTransaction mt2 
        LEFT JOIN ihubcore.MasterSubTransaction mst
            ON mst.MasterTransactionId = mt2.Id
        LEFT JOIN ihubcore.PsAepsTransaction pat 
            ON pat.MasterSubTransactionId = mst.Id
        LEFT JOIN tenantinetcsc.EboDetail ed
            ON mt2.EboDetailId = ed.Id
        LEFT JOIN tenantinetcsc.`User` u
            ON u.id = ed.UserId
        LEFT JOIN (
            SELECT DISTINCT iwt.IHubReferenceId AS IHubReferenceId
            FROM ihubcore.IHubWalletTransaction iwt
            WHERE DATE(iwt.CreationTs) BETWEEN %(start_date)s AND CURRENT_DATE()
        ) a 
            ON a.IHubReferenceId = mt2.TransactionRefNum
        WHERE pat.TransMode = %(transaction_type)s
        AND DATE(pat.CreationTs) BETWEEN %(start_date)s AND %(end_date)s
    ]
[parameters: {'start_date': datetime.date(2025, 6, 9), 'transaction_type': '2', 'end_date': datetime.date(2025, 6, 10)}]
(Background on this error at: https://sqlalche.me/e/20/e3q8)
2025-06-11 18:31:09,676 - INFO - Entered helper function to execute SQL with retry logic
2025-06-11 18:31:10,909 - INFO - Fetching Data from EBO Wallet Transaction
2025-06-11 18:31:10,910 - INFO - Entered helper function to execute SQL with retry logic
2025-06-11 18:31:11,694 - INFO - Entered Tenant filtering function
2025-06-11 18:31:11,694 - INFO - Entered helper function to execute SQL with retry logic
2025-06-11 18:31:12,118 - INFO - Filteration Starts for AEPS service
2025-06-11 18:31:12,294 - INFO - Filteration Ends
2025-06-11 18:31:12,294 - INFO - Reconciliation Ends
2025-06-11 18:31:12,346 - INFO - Result sent as API
2025-06-11 18:31:12,346 - INFO - ----------------------------------
2025-06-11 18:32:20,969 - INFO - --------------------------------------------
2025-06-11 18:32:20,969 - INFO - Entered Main Function...
2025-06-11 18:32:21,685 - INFO - Records found within the date range. Running reconciliation...
2025-06-11 18:32:21,685 - INFO - Entering Reconciliation for AEPS Service
2025-06-11 18:32:21,687 - INFO - AEPS service: Column 'SERIALNUMBER' renamed to 'REFID'
2025-06-11 18:32:21,687 - INFO - Fetching data from HUB for AEPS
2025-06-11 18:32:21,688 - INFO - Entered helper function to execute SQL with retry logic
2025-06-11 18:32:23,107 - INFO - Fetching Data from EBO Wallet Transaction
2025-06-11 18:32:23,108 - INFO - Entered helper function to execute SQL with retry logic
2025-06-11 18:32:23,806 - INFO - Entered Tenant filtering function
2025-06-11 18:32:23,824 - INFO - Entered helper function to execute SQL with retry logic
2025-06-11 18:32:24,221 - INFO - Filteration Starts for AEPS service
2025-06-11 18:32:24,337 - INFO - Filteration Ends
2025-06-11 18:32:24,337 - INFO - Reconciliation Ends
2025-06-11 18:32:24,366 - INFO - Result sent as API
2025-06-11 18:32:24,366 - INFO - ----------------------------------
2025-06-11 18:40:18,848 - INFO - --------------------------------------------
2025-06-11 18:40:18,848 - INFO - Entered Main Function...
2025-06-11 18:40:18,872 - INFO - Records found within the date range. Running reconciliation...
2025-06-11 18:40:18,872 - INFO - Entering Reconciliation for AEPS Service
2025-06-11 18:40:18,873 - INFO - AEPS service: Column 'SERIALNUMBER' renamed to 'REFID'
2025-06-11 18:40:18,873 - INFO - Fetching data from HUB for AEPS
2025-06-11 18:40:18,874 - INFO - Entered helper function to execute SQL with retry logic
2025-06-11 18:40:18,875 - ERROR - Error during SQL execution: (pymysql.err.OperationalError) (2013, 'Lost connection to MySQL server during query')
[SQL: 
        SELECT 
            mt2.TransactionRefNum AS IHUB_REFERENCE,
            pat.BankRrn AS VENDOR_REFERENCE,
            mt2.TenantDetailId as TENANT_ID,
            u.UserName as IHUB_USERNAME,
            mt2.TransactionStatus AS IHUB_MASTER_STATUS,
            pat.CreationTs AS SERVICE_DATE,
            pat.TransStatus AS service_status,
            pat.Amount as AMOUNT,
            CASE 
                WHEN a.IHubReferenceId IS NOT NULL THEN 'Yes'
                ELSE 'No'
            END AS IHUB_LEDGER_STATUS
        FROM ihubcore.MasterTransaction mt2 
        LEFT JOIN ihubcore.MasterSubTransaction mst
            ON mst.MasterTransactionId = mt2.Id
        LEFT JOIN ihubcore.PsAepsTransaction pat 
            ON pat.MasterSubTransactionId = mst.Id
        LEFT JOIN tenantinetcsc.EboDetail ed
            ON mt2.EboDetailId = ed.Id
        LEFT JOIN tenantinetcsc.`User` u
            ON u.id = ed.UserId
        LEFT JOIN (
            SELECT DISTINCT iwt.IHubReferenceId AS IHubReferenceId
            FROM ihubcore.IHubWalletTransaction iwt
            WHERE DATE(iwt.CreationTs) BETWEEN %(start_date)s AND CURRENT_DATE()
        ) a 
            ON a.IHubReferenceId = mt2.TransactionRefNum
        WHERE pat.TransMode = %(transaction_type)s
        AND DATE(pat.CreationTs) BETWEEN %(start_date)s AND %(end_date)s
    ]
[parameters: {'start_date': datetime.date(2025, 6, 9), 'transaction_type': '2', 'end_date': datetime.date(2025, 6, 9)}]
(Background on this error at: https://sqlalche.me/e/20/e3q8)
2025-06-11 18:40:19,876 - INFO - Entered helper function to execute SQL with retry logic
2025-06-11 18:40:21,811 - INFO - Fetching Data from EBO Wallet Transaction
2025-06-11 18:40:21,812 - INFO - Entered helper function to execute SQL with retry logic
2025-06-11 18:40:22,780 - INFO - Entered Tenant filtering function
2025-06-11 18:40:22,782 - INFO - Entered helper function to execute SQL with retry logic
2025-06-11 18:40:23,134 - INFO - Filteration Starts for AEPS service
2025-06-11 18:40:23,215 - INFO - Filteration Ends
2025-06-11 18:40:23,215 - INFO - Reconciliation Ends
2025-06-11 18:40:23,237 - INFO - Result sent as API
2025-06-11 18:40:23,237 - INFO - ----------------------------------
2025-06-11 18:49:06,778 - INFO - --------------------------------------------
2025-06-11 18:49:06,778 - INFO - Entered Main Function...
2025-06-11 18:49:07,101 - INFO - Records found within the date range. Running reconciliation...
2025-06-11 18:49:07,101 - INFO - Entering Reconciliation for AEPS Service
2025-06-11 18:49:07,102 - INFO - AEPS service: Column 'SERIALNUMBER' renamed to 'REFID'
2025-06-11 18:49:07,102 - INFO - Fetching data from HUB for AEPS
2025-06-11 18:49:07,102 - INFO - Entered helper function to execute SQL with retry logic
2025-06-11 18:49:08,573 - INFO - Fetching Data from EBO Wallet Transaction
2025-06-11 18:49:08,573 - INFO - Entered helper function to execute SQL with retry logic
2025-06-11 18:49:09,216 - INFO - Entered Tenant filtering function
2025-06-11 18:49:09,217 - INFO - Filteration Starts for AEPS service
2025-06-11 18:49:09,219 - ERROR - Error in main(): 'SERVICE_DATE'
2025-06-11 18:49:09,220 - INFO - Result sent as API
2025-06-11 18:49:09,220 - INFO - ----------------------------------
2025-06-11 18:49:22,550 - INFO - --------------------------------------------
2025-06-11 18:49:22,550 - INFO - Entered Main Function...
2025-06-11 18:49:22,587 - INFO - Records found within the date range. Running reconciliation...
2025-06-11 18:49:22,591 - INFO - Entering Reconciliation for AEPS Service
2025-06-11 18:49:22,592 - INFO - AEPS service: Column 'SERIALNUMBER' renamed to 'REFID'
2025-06-11 18:49:22,593 - INFO - Fetching data from HUB for AEPS
2025-06-11 18:49:22,594 - INFO - Entered helper function to execute SQL with retry logic
2025-06-11 18:49:23,708 - INFO - Fetching Data from EBO Wallet Transaction
2025-06-11 18:49:23,709 - INFO - Entered helper function to execute SQL with retry logic
2025-06-11 18:49:24,366 - INFO - Entered Tenant filtering function
2025-06-11 18:49:24,367 - INFO - Filteration Starts for AEPS service
2025-06-11 18:49:24,369 - ERROR - Error in main(): 'SERVICE_DATE'
2025-06-11 18:49:24,370 - INFO - Result sent as API
2025-06-11 18:49:24,370 - INFO - ----------------------------------
2025-06-11 18:51:29,193 - INFO - --------------------------------------------
2025-06-11 18:51:29,193 - INFO - Entered Main Function...
2025-06-11 18:51:29,530 - INFO - Records found within the date range. Running reconciliation...
2025-06-11 18:51:29,530 - INFO - Entering Reconciliation for AEPS Service
2025-06-11 18:51:29,531 - INFO - AEPS service: Column 'SERIALNUMBER' renamed to 'REFID'
2025-06-11 18:51:29,531 - INFO - Fetching data from HUB for AEPS
2025-06-11 18:51:29,531 - INFO - Entered helper function to execute SQL with retry logic
2025-06-11 18:51:30,997 - INFO - Fetching Data from EBO Wallet Transaction
2025-06-11 18:51:30,998 - INFO - Entered helper function to execute SQL with retry logic
2025-06-11 18:51:31,664 - INFO - Entered Tenant filtering function
2025-06-11 18:51:31,664 - INFO - Filteration Starts for AEPS service
2025-06-11 18:51:31,668 - ERROR - Error in main(): 'TENANT_STATUS'
2025-06-11 18:51:31,668 - INFO - Result sent as API
2025-06-11 18:51:31,668 - INFO - ----------------------------------
2025-06-11 18:52:14,536 - INFO - --------------------------------------------
2025-06-11 18:52:14,536 - INFO - Entered Main Function...
2025-06-11 18:52:15,079 - INFO - Records found within the date range. Running reconciliation...
2025-06-11 18:52:15,079 - INFO - Entering Reconciliation for AEPS Service
2025-06-11 18:52:15,080 - INFO - AEPS service: Column 'SERIALNUMBER' renamed to 'REFID'
2025-06-11 18:52:15,080 - INFO - Fetching data from HUB for AEPS
2025-06-11 18:52:15,081 - INFO - Entered helper function to execute SQL with retry logic
2025-06-11 18:52:16,556 - INFO - Fetching Data from EBO Wallet Transaction
2025-06-11 18:52:16,556 - INFO - Entered helper function to execute SQL with retry logic
2025-06-11 18:52:17,259 - INFO - Entered Tenant filtering function
2025-06-11 18:52:17,261 - INFO - Filteration Starts for AEPS service
2025-06-11 18:52:17,368 - ERROR - Error in main(): No objects to concatenate
2025-06-11 18:52:17,369 - INFO - Result sent as API
2025-06-11 18:52:17,369 - INFO - ----------------------------------
2025-06-11 18:55:37,908 - INFO - --------------------------------------------
2025-06-11 18:55:37,908 - INFO - Entered Main Function...
2025-06-11 18:55:38,704 - INFO - Records found within the date range. Running reconciliation...
2025-06-11 18:55:38,704 - INFO - Entering Reconciliation for AEPS Service
2025-06-11 18:55:38,705 - INFO - AEPS service: Column 'SERIALNUMBER' renamed to 'REFID'
2025-06-11 18:55:38,705 - INFO - Fetching data from HUB for AEPS
2025-06-11 18:55:38,706 - INFO - Entered helper function to execute SQL with retry logic
2025-06-11 18:55:40,133 - INFO - Fetching Data from EBO Wallet Transaction
2025-06-11 18:55:40,133 - INFO - Entered helper function to execute SQL with retry logic
2025-06-11 18:55:40,796 - INFO - Entered Tenant filtering function
2025-06-11 18:55:40,798 - INFO - Filteration Starts for AEPS service
2025-06-11 18:55:40,801 - ERROR - Error in main(): 'SERVICE_DATE'
2025-06-11 18:55:40,802 - INFO - Result sent as API
2025-06-11 18:55:40,802 - INFO - ----------------------------------
2025-06-11 18:55:42,284 - INFO - --------------------------------------------
2025-06-11 18:55:42,284 - INFO - Entered Main Function...
2025-06-11 18:55:42,313 - INFO - Records found within the date range. Running reconciliation...
2025-06-11 18:55:42,313 - INFO - Entering Reconciliation for AEPS Service
2025-06-11 18:55:42,314 - INFO - AEPS service: Column 'SERIALNUMBER' renamed to 'REFID'
2025-06-11 18:55:42,315 - INFO - Fetching data from HUB for AEPS
2025-06-11 18:55:42,315 - INFO - Entered helper function to execute SQL with retry logic
2025-06-11 18:55:43,409 - INFO - Fetching Data from EBO Wallet Transaction
2025-06-11 18:55:43,409 - INFO - Entered helper function to execute SQL with retry logic
2025-06-11 18:55:44,004 - INFO - Entered Tenant filtering function
2025-06-11 18:55:44,007 - INFO - Filteration Starts for AEPS service
2025-06-11 18:55:44,017 - ERROR - Error in main(): 'SERVICE_DATE'
2025-06-11 18:55:44,018 - INFO - Result sent as API
2025-06-11 18:55:44,018 - INFO - ----------------------------------
2025-06-11 18:56:06,858 - INFO - --------------------------------------------
2025-06-11 18:56:06,858 - INFO - Entered Main Function...
2025-06-11 18:56:07,246 - INFO - Records found within the date range. Running reconciliation...
2025-06-11 18:56:07,246 - INFO - Entering Reconciliation for AEPS Service
2025-06-11 18:56:07,247 - INFO - AEPS service: Column 'SERIALNUMBER' renamed to 'REFID'
2025-06-11 18:56:07,247 - INFO - Fetching data from HUB for AEPS
2025-06-11 18:56:07,248 - INFO - Entered helper function to execute SQL with retry logic
2025-06-11 18:56:08,714 - INFO - Fetching Data from EBO Wallet Transaction
2025-06-11 18:56:08,714 - INFO - Entered helper function to execute SQL with retry logic
2025-06-11 18:56:09,373 - INFO - Entered Tenant filtering function
2025-06-11 18:56:09,376 - INFO - Filteration Starts for AEPS service
2025-06-11 18:56:09,458 - ERROR - Error in main(): No objects to concatenate
2025-06-11 18:56:09,459 - INFO - Result sent as API
2025-06-11 18:56:09,459 - INFO - ----------------------------------
2025-06-11 18:57:10,125 - INFO - --------------------------------------------
2025-06-11 18:57:10,125 - INFO - Entered Main Function...
2025-06-11 18:57:10,510 - INFO - Records found within the date range. Running reconciliation...
2025-06-11 18:57:10,510 - INFO - Entering Reconciliation for AEPS Service
2025-06-11 18:57:10,512 - INFO - AEPS service: Column 'SERIALNUMBER' renamed to 'REFID'
2025-06-11 18:57:10,512 - INFO - Fetching data from HUB for AEPS
2025-06-11 18:57:10,512 - INFO - Entered helper function to execute SQL with retry logic
2025-06-11 18:57:11,997 - INFO - Fetching Data from EBO Wallet Transaction
2025-06-11 18:57:11,998 - INFO - Entered helper function to execute SQL with retry logic
2025-06-11 18:57:12,656 - INFO - Entered Tenant filtering function
2025-06-11 18:57:12,658 - INFO - Filteration Starts for AEPS service
2025-06-11 18:57:12,764 - ERROR - Error in main(): No objects to concatenate
2025-06-11 18:57:12,764 - INFO - Result sent as API
2025-06-11 18:57:12,764 - INFO - ----------------------------------
2025-06-11 18:58:01,677 - INFO - --------------------------------------------
2025-06-11 18:58:01,677 - INFO - Entered Main Function...
2025-06-11 18:58:01,998 - INFO - Records found within the date range. Running reconciliation...
2025-06-11 18:58:01,999 - INFO - Entering Reconciliation for AEPS Service
2025-06-11 18:58:01,999 - INFO - AEPS service: Column 'SERIALNUMBER' renamed to 'REFID'
2025-06-11 18:58:02,000 - INFO - Fetching data from HUB for AEPS
2025-06-11 18:58:02,000 - INFO - Entered helper function to execute SQL with retry logic
2025-06-11 18:58:03,491 - INFO - Fetching Data from EBO Wallet Transaction
2025-06-11 18:58:03,492 - INFO - Entered helper function to execute SQL with retry logic
2025-06-11 18:58:04,151 - INFO - Entered Tenant filtering function
2025-06-11 18:58:04,152 - INFO - Filteration Starts for AEPS service
2025-06-11 18:58:04,270 - ERROR - Error in main(): No objects to concatenate
2025-06-11 18:58:04,270 - INFO - Result sent as API
2025-06-11 18:58:04,271 - INFO - ----------------------------------
2025-06-11 19:00:49,921 - INFO - --------------------------------------------
2025-06-11 19:00:49,921 - INFO - Entered Main Function...
2025-06-11 19:00:50,310 - INFO - Records found within the date range. Running reconciliation...
2025-06-11 19:00:50,310 - INFO - Entering Reconciliation for AEPS Service
2025-06-11 19:00:50,311 - INFO - AEPS service: Column 'SERIALNUMBER' renamed to 'REFID'
2025-06-11 19:00:50,311 - INFO - Fetching data from HUB for AEPS
2025-06-11 19:00:50,312 - INFO - Entered helper function to execute SQL with retry logic
2025-06-11 19:00:51,840 - INFO - Fetching Data from EBO Wallet Transaction
2025-06-11 19:00:51,841 - INFO - Entered helper function to execute SQL with retry logic
2025-06-11 19:00:52,591 - INFO - Entered Tenant filtering function
2025-06-11 19:00:52,592 - INFO - Filteration Starts for AEPS service
2025-06-11 19:00:52,816 - ERROR - Error in main(): No objects to concatenate
2025-06-11 19:00:52,817 - INFO - Result sent as API
2025-06-11 19:00:52,817 - INFO - ----------------------------------
2025-06-11 19:02:45,180 - INFO - --------------------------------------------
2025-06-11 19:02:45,180 - INFO - Entered Main Function...
2025-06-11 19:02:45,993 - INFO - Records found within the date range. Running reconciliation...
2025-06-11 19:02:45,994 - INFO - Entering Reconciliation for AEPS Service
2025-06-11 19:02:45,996 - INFO - AEPS service: Column 'SERIALNUMBER' renamed to 'REFID'
2025-06-11 19:02:45,996 - INFO - Fetching data from HUB for AEPS
2025-06-11 19:02:45,997 - INFO - Entered helper function to execute SQL with retry logic
2025-06-11 19:02:47,457 - INFO - Fetching Data from EBO Wallet Transaction
2025-06-11 19:02:47,458 - INFO - Entered helper function to execute SQL with retry logic
2025-06-11 19:02:48,113 - INFO - Entered Tenant filtering function
2025-06-11 19:02:48,115 - INFO - Filteration Starts for AEPS service
2025-06-11 19:02:48,283 - ERROR - Error in main(): No objects to concatenate
2025-06-11 19:02:48,284 - INFO - Result sent as API
2025-06-11 19:02:48,284 - INFO - ----------------------------------
2025-06-11 19:03:12,341 - INFO - --------------------------------------------
2025-06-11 19:03:12,341 - INFO - Entered Main Function...
2025-06-11 19:03:12,367 - INFO - Records found within the date range. Running reconciliation...
2025-06-11 19:03:12,367 - INFO - Entering Reconciliation for AEPS Service
2025-06-11 19:03:12,368 - INFO - AEPS service: Column 'SERIALNUMBER' renamed to 'REFID'
2025-06-11 19:03:12,368 - INFO - Fetching data from HUB for AEPS
2025-06-11 19:03:12,369 - INFO - Entered helper function to execute SQL with retry logic
2025-06-11 19:03:13,448 - INFO - Fetching Data from EBO Wallet Transaction
2025-06-11 19:03:13,449 - INFO - Entered helper function to execute SQL with retry logic
2025-06-11 19:03:14,129 - INFO - Entered Tenant filtering function
2025-06-11 19:03:14,130 - INFO - Filteration Starts for AEPS service
2025-06-11 19:03:14,266 - ERROR - Error in main(): No objects to concatenate
2025-06-11 19:03:14,267 - INFO - Result sent as API
2025-06-11 19:03:14,267 - INFO - ----------------------------------
2025-06-11 19:04:56,616 - INFO - --------------------------------------------
2025-06-11 19:04:56,617 - INFO - Entered Main Function...
2025-06-11 19:04:57,016 - INFO - Records found within the date range. Running reconciliation...
2025-06-11 19:04:57,016 - INFO - Entering Reconciliation for AEPS Service
2025-06-11 19:04:57,017 - INFO - AEPS service: Column 'SERIALNUMBER' renamed to 'REFID'
2025-06-11 19:04:57,017 - INFO - Fetching data from HUB for AEPS
2025-06-11 19:04:57,018 - INFO - Entered helper function to execute SQL with retry logic
2025-06-11 19:04:58,431 - INFO - Fetching Data from EBO Wallet Transaction
2025-06-11 19:04:58,431 - INFO - Entered helper function to execute SQL with retry logic
2025-06-11 19:04:59,187 - INFO - Entered Tenant filtering function
2025-06-11 19:04:59,188 - INFO - Filteration Starts for AEPS service
2025-06-11 19:04:59,294 - ERROR - Error in main(): No objects to concatenate
2025-06-11 19:04:59,295 - INFO - Result sent as API
2025-06-11 19:04:59,295 - INFO - ----------------------------------
2025-06-11 19:06:31,891 - INFO - --------------------------------------------
2025-06-11 19:06:31,891 - INFO - Entered Main Function...
2025-06-11 19:06:32,347 - INFO - Records found within the date range. Running reconciliation...
2025-06-11 19:06:32,347 - INFO - Entering Reconciliation for AEPS Service
2025-06-11 19:06:32,348 - INFO - AEPS service: Column 'SERIALNUMBER' renamed to 'REFID'
2025-06-11 19:06:32,348 - INFO - Fetching data from HUB for AEPS
2025-06-11 19:06:32,349 - INFO - Entered helper function to execute SQL with retry logic
2025-06-11 19:06:33,761 - INFO - Fetching Data from EBO Wallet Transaction
2025-06-11 19:06:33,761 - INFO - Entered helper function to execute SQL with retry logic
2025-06-11 19:06:34,460 - INFO - Entered Tenant filtering function
2025-06-11 19:06:34,462 - INFO - Filteration Starts for AEPS service
2025-06-11 19:06:34,596 - ERROR - Error in main(): No objects to concatenate
2025-06-11 19:06:34,597 - INFO - Result sent as API
2025-06-11 19:06:34,598 - INFO - ----------------------------------
2025-06-11 19:07:03,891 - INFO - --------------------------------------------
2025-06-11 19:07:03,891 - INFO - Entered Main Function...
2025-06-11 19:07:04,384 - INFO - Records found within the date range. Running reconciliation...
2025-06-11 19:07:04,384 - INFO - Entering Reconciliation for AEPS Service
2025-06-11 19:07:04,385 - INFO - AEPS service: Column 'SERIALNUMBER' renamed to 'REFID'
2025-06-11 19:07:04,386 - INFO - Fetching data from HUB for AEPS
2025-06-11 19:07:04,386 - INFO - Entered helper function to execute SQL with retry logic
2025-06-11 19:07:05,814 - INFO - Fetching Data from EBO Wallet Transaction
2025-06-11 19:07:05,815 - INFO - Entered helper function to execute SQL with retry logic
2025-06-11 19:07:06,580 - INFO - Entered Tenant filtering function
2025-06-11 19:07:06,581 - INFO - Filteration Starts for AEPS service
2025-06-11 19:07:06,739 - ERROR - Error in main(): No objects to concatenate
2025-06-11 19:07:06,739 - INFO - Result sent as API
2025-06-11 19:07:06,739 - INFO - ----------------------------------
2025-06-11 19:07:54,927 - INFO - --------------------------------------------
2025-06-11 19:07:54,927 - INFO - Entered Main Function...
2025-06-11 19:07:55,247 - INFO - Records found within the date range. Running reconciliation...
2025-06-11 19:07:55,248 - INFO - Entering Reconciliation for AEPS Service
2025-06-11 19:07:55,249 - INFO - AEPS service: Column 'SERIALNUMBER' renamed to 'REFID'
2025-06-11 19:07:55,249 - INFO - Fetching data from HUB for AEPS
2025-06-11 19:07:55,249 - INFO - Entered helper function to execute SQL with retry logic
2025-06-11 19:07:56,678 - INFO - Fetching Data from EBO Wallet Transaction
2025-06-11 19:07:56,678 - INFO - Entered helper function to execute SQL with retry logic
2025-06-11 19:07:57,295 - INFO - Entered Tenant filtering function
2025-06-11 19:07:57,296 - INFO - Filteration Starts for AEPS service
2025-06-11 19:07:57,417 - ERROR - Error in main(): No objects to concatenate
2025-06-11 19:07:57,417 - INFO - Result sent as API
2025-06-11 19:07:57,417 - INFO - ----------------------------------
2025-06-11 19:09:33,434 - INFO - --------------------------------------------
2025-06-11 19:09:33,434 - INFO - Entered Main Function...
2025-06-11 19:09:33,824 - INFO - Records found within the date range. Running reconciliation...
2025-06-11 19:09:33,824 - INFO - Entering Reconciliation for AEPS Service
2025-06-11 19:09:33,825 - INFO - AEPS service: Column 'SERIALNUMBER' renamed to 'REFID'
2025-06-11 19:09:33,825 - INFO - Fetching data from HUB for AEPS
2025-06-11 19:09:33,826 - INFO - Entered helper function to execute SQL with retry logic
2025-06-11 19:09:35,234 - INFO - Fetching Data from EBO Wallet Transaction
2025-06-11 19:09:35,235 - INFO - Entered helper function to execute SQL with retry logic
2025-06-11 19:09:35,979 - INFO - Entered Tenant filtering function
2025-06-11 19:09:35,981 - INFO - Filteration Starts for AEPS service
2025-06-11 19:09:36,084 - ERROR - Error in main(): No objects to concatenate
2025-06-11 19:09:36,085 - INFO - Result sent as API
2025-06-11 19:09:36,085 - INFO - ----------------------------------
2025-06-11 19:11:49,102 - INFO - --------------------------------------------
2025-06-11 19:11:49,103 - INFO - Entered Main Function...
2025-06-11 19:11:49,942 - INFO - Records found within the date range. Running reconciliation...
2025-06-11 19:11:49,942 - INFO - Entering Reconciliation for AEPS Service
2025-06-11 19:11:49,943 - INFO - AEPS service: Column 'SERIALNUMBER' renamed to 'REFID'
2025-06-11 19:11:49,944 - INFO - Fetching data from HUB for AEPS
2025-06-11 19:11:49,944 - INFO - Entered helper function to execute SQL with retry logic
2025-06-11 19:11:51,355 - INFO - Fetching Data from EBO Wallet Transaction
2025-06-11 19:11:51,355 - INFO - Entered helper function to execute SQL with retry logic
2025-06-11 19:11:52,179 - INFO - Filteration Starts for AEPS service
2025-06-11 19:11:52,314 - ERROR - Error in main(): No objects to concatenate
2025-06-11 19:11:52,315 - INFO - Result sent as API
2025-06-11 19:11:52,315 - INFO - ----------------------------------
2025-06-11 19:12:41,680 - INFO - --------------------------------------------
2025-06-11 19:12:41,680 - INFO - Entered Main Function...
2025-06-11 19:12:42,034 - INFO - Records found within the date range. Running reconciliation...
2025-06-11 19:12:42,034 - INFO - Entering Reconciliation for AEPS Service
2025-06-11 19:12:42,035 - INFO - AEPS service: Column 'SERIALNUMBER' renamed to 'REFID'
2025-06-11 19:12:42,035 - INFO - Fetching data from HUB for AEPS
2025-06-11 19:12:42,035 - INFO - Entered helper function to execute SQL with retry logic
2025-06-11 19:12:43,432 - INFO - Fetching Data from EBO Wallet Transaction
2025-06-11 19:12:43,432 - INFO - Entered helper function to execute SQL with retry logic
2025-06-11 19:12:44,333 - INFO - Filteration Starts for AEPS service
2025-06-11 19:12:44,487 - ERROR - Error in main(): No objects to concatenate
2025-06-11 19:12:44,487 - INFO - Result sent as API
2025-06-11 19:12:44,488 - INFO - ----------------------------------
2025-06-11 19:17:10,558 - INFO - --------------------------------------------
2025-06-11 19:17:10,558 - INFO - Entered Main Function...
2025-06-11 19:17:11,169 - INFO - Records found within the date range. Running reconciliation...
2025-06-11 19:17:11,169 - INFO - Entering Reconciliation for AEPS Service
2025-06-11 19:17:11,170 - INFO - AEPS service: Column 'SERIALNUMBER' renamed to 'REFID'
2025-06-11 19:17:11,170 - INFO - Fetching data from HUB for AEPS
2025-06-11 19:17:11,171 - INFO - Entered helper function to execute SQL with retry logic
2025-06-11 19:17:12,565 - INFO - Fetching Data from EBO Wallet Transaction
2025-06-11 19:17:12,566 - INFO - Entered helper function to execute SQL with retry logic
2025-06-11 19:17:13,260 - INFO - Filteration Starts for AEPS service
2025-06-11 19:17:13,356 - ERROR - Error in main(): No objects to concatenate
2025-06-11 19:17:13,357 - INFO - Result sent as API
2025-06-11 19:17:13,357 - INFO - ----------------------------------
2025-06-11 19:17:58,286 - INFO - --------------------------------------------
2025-06-11 19:17:58,286 - INFO - Entered Main Function...
2025-06-11 19:17:58,717 - INFO - Records found within the date range. Running reconciliation...
2025-06-11 19:17:58,717 - INFO - Entering Reconciliation for AEPS Service
2025-06-11 19:17:58,718 - INFO - AEPS service: Column 'SERIALNUMBER' renamed to 'REFID'
2025-06-11 19:17:58,718 - INFO - Fetching data from HUB for AEPS
2025-06-11 19:17:58,719 - INFO - Entered helper function to execute SQL with retry logic
2025-06-11 19:18:00,140 - INFO - Fetching Data from EBO Wallet Transaction
2025-06-11 19:18:00,141 - INFO - Entered helper function to execute SQL with retry logic
2025-06-11 19:18:00,917 - INFO - Filteration Starts for AEPS service
2025-06-11 19:18:01,005 - ERROR - Error in main(): No objects to concatenate
2025-06-11 19:18:01,005 - INFO - Result sent as API
2025-06-11 19:18:01,005 - INFO - ----------------------------------
2025-06-11 19:19:50,877 - INFO - --------------------------------------------
2025-06-11 19:19:50,877 - INFO - Entered Main Function...
2025-06-11 19:19:51,715 - INFO - Records found within the date range. Running reconciliation...
2025-06-11 19:19:51,715 - INFO - Entering Reconciliation for AEPS Service
2025-06-11 19:19:51,717 - INFO - AEPS service: Column 'SERIALNUMBER' renamed to 'REFID'
2025-06-11 19:19:51,717 - INFO - Fetching data from HUB for AEPS
2025-06-11 19:19:51,718 - INFO - Entered helper function to execute SQL with retry logic
2025-06-11 19:19:53,200 - INFO - Fetching Data from EBO Wallet Transaction
2025-06-11 19:19:53,201 - INFO - Entered helper function to execute SQL with retry logic
2025-06-11 19:19:53,968 - INFO - Filteration Starts for AEPS service
2025-06-11 19:19:54,102 - ERROR - Error in main(): No objects to concatenate
2025-06-11 19:19:54,103 - INFO - Result sent as API
2025-06-11 19:19:54,103 - INFO - ----------------------------------
2025-06-11 19:21:38,638 - INFO - --------------------------------------------
2025-06-11 19:21:38,639 - INFO - Entered Main Function...
2025-06-11 19:21:39,032 - INFO - Records found within the date range. Running reconciliation...
2025-06-11 19:21:39,032 - INFO - Entering Reconciliation for AEPS Service
2025-06-11 19:21:39,033 - INFO - AEPS service: Column 'SERIALNUMBER' renamed to 'REFID'
2025-06-11 19:21:39,033 - INFO - Fetching data from HUB for AEPS
2025-06-11 19:21:39,034 - INFO - Entered helper function to execute SQL with retry logic
2025-06-11 19:21:40,434 - INFO - Fetching Data from EBO Wallet Transaction
2025-06-11 19:21:40,435 - INFO - Entered helper function to execute SQL with retry logic
2025-06-11 19:21:41,056 - ERROR - Error in main(): 'COMMISSION_CREDIT'
2025-06-11 19:21:41,056 - INFO - Result sent as API
2025-06-11 19:21:41,057 - INFO - ----------------------------------
2025-06-11 19:22:01,442 - INFO - --------------------------------------------
2025-06-11 19:22:01,442 - INFO - Entered Main Function...
2025-06-11 19:22:01,819 - INFO - Records found within the date range. Running reconciliation...
2025-06-11 19:22:01,820 - INFO - Entering Reconciliation for AEPS Service
2025-06-11 19:22:01,820 - INFO - AEPS service: Column 'SERIALNUMBER' renamed to 'REFID'
2025-06-11 19:22:01,820 - INFO - Fetching data from HUB for AEPS
2025-06-11 19:22:01,821 - INFO - Entered helper function to execute SQL with retry logic
2025-06-11 19:22:03,246 - INFO - Fetching Data from EBO Wallet Transaction
2025-06-11 19:22:03,246 - INFO - Entered helper function to execute SQL with retry logic
2025-06-11 19:22:03,941 - ERROR - Error in main(): 'COMMISSION_CREDIT'
2025-06-11 19:22:03,942 - INFO - Result sent as API
2025-06-11 19:22:03,942 - INFO - ----------------------------------
2025-06-11 19:22:36,028 - INFO - --------------------------------------------
2025-06-11 19:22:36,028 - INFO - Entered Main Function...
2025-06-11 19:22:36,827 - INFO - Records found within the date range. Running reconciliation...
2025-06-11 19:22:36,827 - INFO - Entering Reconciliation for AEPS Service
2025-06-11 19:22:36,828 - INFO - AEPS service: Column 'SERIALNUMBER' renamed to 'REFID'
2025-06-11 19:22:36,828 - INFO - Fetching data from HUB for AEPS
2025-06-11 19:22:36,829 - INFO - Entered helper function to execute SQL with retry logic
2025-06-11 19:22:38,276 - INFO - Fetching Data from EBO Wallet Transaction
2025-06-11 19:22:38,278 - INFO - Entered helper function to execute SQL with retry logic
2025-06-11 19:22:38,987 - INFO - Filteration Starts for AEPS service
2025-06-11 19:22:39,047 - ERROR - Error in main(): No objects to concatenate
2025-06-11 19:22:39,047 - INFO - Result sent as API
2025-06-11 19:22:39,047 - INFO - ----------------------------------
