2025-06-16 13:07:18,834 - INFO - --------------------------------------------
2025-06-16 13:07:18,834 - INFO - Entered Main Function...
2025-06-16 13:07:19,760 - INFO - Records found within the date range. Running reconciliation...
2025-06-16 13:07:19,761 - INFO - Entering Reconciliation for AEPS Service
2025-06-16 13:07:19,765 - INFO - AEPS service: Column 'SERIALNUMBER' renamed to 'REFID'
2025-06-16 13:07:19,765 - INFO - Fetching data from HUB for AEPS
2025-06-16 13:07:19,767 - INFO - Entered helper function to execute SQL with retry logic
2025-06-16 13:07:21,903 - INFO - Fetching Data from EBO Wallet Transaction
2025-06-16 13:07:21,904 - INFO - Entered helper function to execute SQL with retry logic
2025-06-16 13:07:23,445 - INFO - Filteration Starts for AEPS service
2025-06-16 13:07:23,496 - INFO - Filteration Ends
2025-06-16 13:07:23,497 - INFO - Reconciliation Ends
2025-06-16 13:07:23,502 - INFO - Result sent as API
2025-06-16 13:07:23,502 - INFO - ----------------------------------
2025-06-16 13:12:49,285 - INFO - --------------------------------------------
2025-06-16 13:12:49,293 - INFO - Entered Main Function...
2025-06-16 13:12:49,537 - INFO - Records found within the date range. Running reconciliation...
2025-06-16 13:12:49,539 - INFO - Entering Reconciliation for AEPS Service
2025-06-16 13:12:49,545 - INFO - AEPS service: Column 'SERIALNUMBER' renamed to 'REFID'
2025-06-16 13:12:49,545 - INFO - Fetching data from HUB for AEPS
2025-06-16 13:12:49,556 - INFO - Entered helper function to execute SQL with retry logic
2025-06-16 13:12:49,589 - ERROR - Error during SQL execution: (pymysql.err.OperationalError) (2013, 'Lost connection to MySQL server during query')
[SQL: 
        SELECT 
            mt2.TransactionRefNum AS IHUB_REFERENCE,
            pat.BankRrn AS VENDOR_REFERENCE,
            mt2.TenantDetailId as TENANT_ID,
            u.UserName as IHUB_USERNAME,
            mt2.TransactionStatus AS IHUB_MASTER_STATUS,
            pat.CreationTs AS SERVICE_DATE,
            pat.TransStatus AS service_status,
            CASE 
                WHEN a.IHubReferenceId IS NOT NULL THEN 'Yes'
                ELSE 'No'
            END AS IHUB_LEDGER_STATUS
        FROM ihubcore.MasterTransaction mt2 
        LEFT JOIN ihubcore.MasterSubTransaction mst
            ON mst.MasterTransactionId = mt2.Id
        LEFT JOIN ihubcore.PsAepsTransaction pat 
            ON pat.MasterSubTransactionId = mst.Id
        LEFT JOIN tenantinetcsc.EboDetail ed
            ON mt2.EboDetailId = ed.Id
        LEFT JOIN tenantinetcsc.`User` u
            ON u.id = ed.UserId
        LEFT JOIN (
            SELECT DISTINCT iwt.IHubReferenceId AS IHubReferenceId
            FROM ihubcore.IHubWalletTransaction iwt
            WHERE DATE(iwt.CreationTs) BETWEEN %(start_date)s AND CURRENT_DATE()
        ) a 
            ON a.IHubReferenceId = mt2.TransactionRefNum
        WHERE pat.TransMode = %(transaction_type)s
        AND DATE(pat.CreationTs) BETWEEN %(start_date)s AND %(end_date)s
    ]
[parameters: {'start_date': datetime.date(2025, 6, 9), 'transaction_type': '2', 'end_date': datetime.date(2025, 6, 9)}]
(Background on this error at: https://sqlalche.me/e/20/e3q8)
2025-06-16 13:12:50,591 - INFO - Entered helper function to execute SQL with retry logic
2025-06-16 13:12:51,869 - INFO - Fetching Data from EBO Wallet Transaction
2025-06-16 13:12:51,869 - INFO - Entered helper function to execute SQL with retry logic
2025-06-16 13:12:52,873 - INFO - Filteration Starts for AEPS service
2025-06-16 13:12:52,934 - INFO - Filteration Ends
2025-06-16 13:12:52,934 - INFO - Reconciliation Ends
2025-06-16 13:12:52,940 - INFO - Result sent as API
2025-06-16 13:12:52,940 - INFO - ----------------------------------
2025-06-16 13:15:12,984 - INFO - --------------------------------------------
2025-06-16 13:15:12,984 - INFO - Entered Main Function...
2025-06-16 13:15:13,152 - INFO - Records found within the date range. Running reconciliation...
2025-06-16 13:15:13,153 - INFO - Entering Reconciliation for RECHARGE Service
2025-06-16 13:15:13,154 - INFO - Recharge service: Column 'REFID' renamed to 'REFID'
2025-06-16 13:15:13,155 - INFO - Fetching data from HUB for RECHARGE
2025-06-16 13:15:13,157 - INFO - Entered helper function to execute SQL with retry logic
2025-06-16 13:15:19,598 - INFO - Fetching Data from EBO Wallet Transaction
2025-06-16 13:15:19,600 - INFO - Entered helper function to execute SQL with retry logic
2025-06-16 13:15:20,599 - INFO - Entered Tenant filtering function
2025-06-16 13:15:20,601 - INFO - Entered helper function to execute SQL with retry logic
2025-06-16 13:15:21,384 - INFO - Filteration Starts for RECHARGE service
2025-06-16 13:15:21,573 - INFO - Filteration Ends
2025-06-16 13:15:21,574 - INFO - Reconciliation Ends
2025-06-16 13:15:21,602 - INFO - Result sent as API
2025-06-16 13:15:21,602 - INFO - ----------------------------------
2025-06-16 13:23:28,902 - INFO - --------------------------------------------
2025-06-16 13:23:28,908 - INFO - Entered Main Function...
2025-06-16 13:23:29,199 - INFO - Records found within the date range. Running reconciliation...
2025-06-16 13:23:29,201 - INFO - Entering Reconciliation for RECHARGE Service
2025-06-16 13:23:29,204 - INFO - Recharge service: Column 'REFID' renamed to 'REFID'
2025-06-16 13:23:29,204 - INFO - Fetching data from HUB for RECHARGE
2025-06-16 13:23:29,216 - INFO - Entered helper function to execute SQL with retry logic
2025-06-16 13:23:29,274 - ERROR - Error during SQL execution: (pymysql.err.OperationalError) (2013, 'Lost connection to MySQL server during query')
[SQL: 
        SELECT mt2.TransactionRefNum AS IHUB_REFERENCE,
               mt2.TenantDetailId as TENANT_ID,   
               sn.requestID AS VENDOR_REFERENCE,
               u.UserName as IHUB_USERNAME, 
               mt2.TransactionStatus AS IHUB_MASTER_STATUS,
               sn.CreationTs AS SERVICE_DATE, 
               sn.rechargeStatus AS service_status,
               CASE
                   WHEN iwt.IHubReferenceId IS NOT NULL THEN 'Yes'
                   ELSE 'No'
               END AS IHUB_LEDGER_STATUS,
               CASE
                   WHEN twt.IHubReferenceId IS NOT NULL THEN 'Yes'
                   ELSE 'No'
               END AS TENANT_LEDGER_STATUS
        FROM ihubcore.MasterTransaction mt2
        LEFT JOIN ihubcore.MasterSubTransaction mst ON mst.MasterTransactionId = mt2.Id
        LEFT JOIN ihubcore.PsRechargeTransaction sn ON sn.MasterSubTransactionId = mst.Id
        LEFT JOIN tenantinetcsc.EboDetail ed ON mt2.EboDetailId = ed.Id
        LEFT JOIN tenantinetcsc.`User` u ON u.Id = ed.UserId
        LEFT JOIN (
            SELECT DISTINCT IHubReferenceId
            FROM ihubcore.IHubWalletTransaction
            WHERE DATE(CreationTs) BETWEEN %(start_date)s AND CURRENT_DATE()
        ) iwt ON iwt.IHubReferenceId = mt2.TransactionRefNum
        LEFT JOIN (
            SELECT DISTINCT IHubReferenceId
            FROM ihubcore.TenantWalletTransaction
            WHERE DATE(CreationTs) BETWEEN %(start_date)s AND CURRENT_DATE()
        ) twt ON twt.IHubReferenceId = mt2.TransactionRefNum
        WHERE DATE(sn.CreationTs) BETWEEN %(start_date)s AND %(end_date)s
    ]
[parameters: {'start_date': datetime.date(2025, 6, 2), 'end_date': datetime.date(2025, 6, 10)}]
(Background on this error at: https://sqlalche.me/e/20/e3q8)
2025-06-16 13:23:30,279 - INFO - Entered helper function to execute SQL with retry logic
2025-06-16 13:23:36,456 - INFO - Fetching Data from EBO Wallet Transaction
2025-06-16 13:23:36,457 - INFO - Entered helper function to execute SQL with retry logic
2025-06-16 13:23:37,226 - INFO - Entered Tenant filtering function
2025-06-16 13:23:37,228 - INFO - Entered helper function to execute SQL with retry logic
2025-06-16 13:23:38,005 - INFO - Filteration Starts for RECHARGE service
2025-06-16 13:23:38,151 - INFO - Filteration Ends
2025-06-16 13:23:38,152 - INFO - Reconciliation Ends
2025-06-16 13:23:38,185 - INFO - Result sent as API
2025-06-16 13:23:38,185 - INFO - ----------------------------------
2025-06-16 13:36:15,574 - INFO - --------------------------------------------
2025-06-16 13:36:15,583 - INFO - Entered Main Function...
2025-06-16 13:36:16,194 - INFO - Records found within the date range. Running reconciliation...
2025-06-16 13:36:16,197 - INFO - Entering Reconciliation for RECHARGE Service
2025-06-16 13:36:16,200 - INFO - Recharge service: Column 'REFID' renamed to 'REFID'
2025-06-16 13:36:16,200 - INFO - Fetching data from HUB for RECHARGE
2025-06-16 13:36:16,211 - INFO - Entered helper function to execute SQL with retry logic
2025-06-16 13:36:16,244 - ERROR - Error during SQL execution: (pymysql.err.OperationalError) (2013, 'Lost connection to MySQL server during query')
[SQL: 
        SELECT mt2.TransactionRefNum AS IHUB_REFERENCE,
               mt2.TenantDetailId as TENANT_ID,   
               sn.requestID AS VENDOR_REFERENCE,
               u.UserName as IHUB_USERNAME, 
               mt2.TransactionStatus AS IHUB_MASTER_STATUS,
               sn.CreationTs AS SERVICE_DATE, 
               sn.rechargeStatus AS service_status,
               CASE
                   WHEN iwt.IHubReferenceId IS NOT NULL THEN 'Yes'
                   ELSE 'No'
               END AS IHUB_LEDGER_STATUS,
               CASE
                   WHEN twt.IHubReferenceId IS NOT NULL THEN 'Yes'
                   ELSE 'No'
               END AS TENANT_LEDGER_STATUS
        FROM ihubcore.MasterTransaction mt2
        LEFT JOIN ihubcore.MasterSubTransaction mst ON mst.MasterTransactionId = mt2.Id
        LEFT JOIN ihubcore.PsRechargeTransaction sn ON sn.MasterSubTransactionId = mst.Id
        LEFT JOIN tenantinetcsc.EboDetail ed ON mt2.EboDetailId = ed.Id
        LEFT JOIN tenantinetcsc.`User` u ON u.Id = ed.UserId
        LEFT JOIN (
            SELECT DISTINCT IHubReferenceId
            FROM ihubcore.IHubWalletTransaction
            WHERE DATE(CreationTs) BETWEEN %(start_date)s AND CURRENT_DATE()
        ) iwt ON iwt.IHubReferenceId = mt2.TransactionRefNum
        LEFT JOIN (
            SELECT DISTINCT IHubReferenceId
            FROM ihubcore.TenantWalletTransaction
            WHERE DATE(CreationTs) BETWEEN %(start_date)s AND CURRENT_DATE()
        ) twt ON twt.IHubReferenceId = mt2.TransactionRefNum
        WHERE DATE(sn.CreationTs) BETWEEN %(start_date)s AND %(end_date)s
    ]
[parameters: {'start_date': datetime.date(2025, 6, 2), 'end_date': datetime.date(2025, 6, 10)}]
(Background on this error at: https://sqlalche.me/e/20/e3q8)
2025-06-16 13:36:17,246 - INFO - Entered helper function to execute SQL with retry logic
2025-06-16 13:36:22,934 - INFO - Fetching Data from EBO Wallet Transaction
2025-06-16 13:36:22,935 - INFO - Entered helper function to execute SQL with retry logic
2025-06-16 13:36:23,676 - INFO - Entered Tenant filtering function
2025-06-16 13:36:23,677 - INFO - Entered helper function to execute SQL with retry logic
2025-06-16 13:36:24,464 - INFO - Filteration Starts for RECHARGE service
2025-06-16 13:36:24,597 - INFO - Filteration Ends
2025-06-16 13:36:24,598 - INFO - Reconciliation Ends
2025-06-16 13:36:24,628 - INFO - Result sent as API
2025-06-16 13:36:24,628 - INFO - ----------------------------------
2025-06-16 13:41:38,543 - INFO - --------------------------------------------
2025-06-16 13:41:38,544 - INFO - Entered Main Function...
2025-06-16 13:41:38,739 - INFO - Records found within the date range. Running reconciliation...
2025-06-16 13:41:38,740 - INFO - Entering Reconciliation for RECHARGE Service
2025-06-16 13:41:38,741 - INFO - Recharge service: Column 'REFID' renamed to 'REFID'
2025-06-16 13:41:38,741 - INFO - Fetching data from HUB for RECHARGE
2025-06-16 13:41:38,743 - INFO - Entered helper function to execute SQL with retry logic
2025-06-16 13:41:38,751 - ERROR - Error during SQL execution: (pymysql.err.OperationalError) (2013, 'Lost connection to MySQL server during query')
[SQL: 
        SELECT mt2.TransactionRefNum AS IHUB_REFERENCE,
               mt2.TenantDetailId as TENANT_ID,   
               sn.requestID AS VENDOR_REFERENCE,
               u.UserName as IHUB_USERNAME, 
               mt2.TransactionStatus AS IHUB_MASTER_STATUS,
               sn.CreationTs AS SERVICE_DATE, 
               sn.rechargeStatus AS service_status,
               CASE
                   WHEN iwt.IHubReferenceId IS NOT NULL THEN 'Yes'
                   ELSE 'No'
               END AS IHUB_LEDGER_STATUS,
               CASE
                   WHEN twt.IHubReferenceId IS NOT NULL THEN 'Yes'
                   ELSE 'No'
               END AS TENANT_LEDGER_STATUS
        FROM ihubcore.MasterTransaction mt2
        LEFT JOIN ihubcore.MasterSubTransaction mst ON mst.MasterTransactionId = mt2.Id
        LEFT JOIN ihubcore.PsRechargeTransaction sn ON sn.MasterSubTransactionId = mst.Id
        LEFT JOIN tenantinetcsc.EboDetail ed ON mt2.EboDetailId = ed.Id
        LEFT JOIN tenantinetcsc.`User` u ON u.Id = ed.UserId
        LEFT JOIN (
            SELECT DISTINCT IHubReferenceId
            FROM ihubcore.IHubWalletTransaction
            WHERE DATE(CreationTs) BETWEEN %(start_date)s AND CURRENT_DATE()
        ) iwt ON iwt.IHubReferenceId = mt2.TransactionRefNum
        LEFT JOIN (
            SELECT DISTINCT IHubReferenceId
            FROM ihubcore.TenantWalletTransaction
            WHERE DATE(CreationTs) BETWEEN %(start_date)s AND CURRENT_DATE()
        ) twt ON twt.IHubReferenceId = mt2.TransactionRefNum
        WHERE DATE(sn.CreationTs) BETWEEN %(start_date)s AND %(end_date)s
    ]
[parameters: {'start_date': datetime.date(2025, 6, 2), 'end_date': datetime.date(2025, 6, 10)}]
(Background on this error at: https://sqlalche.me/e/20/e3q8)
2025-06-16 13:41:39,754 - INFO - Entered helper function to execute SQL with retry logic
2025-06-16 13:41:45,306 - INFO - Fetching Data from EBO Wallet Transaction
2025-06-16 13:41:45,307 - INFO - Entered helper function to execute SQL with retry logic
2025-06-16 13:41:46,028 - INFO - Entered Tenant filtering function
2025-06-16 13:41:46,028 - INFO - Entered helper function to execute SQL with retry logic
2025-06-16 13:41:46,796 - INFO - Filteration Starts for RECHARGE service
2025-06-16 13:41:46,890 - INFO - Filteration Ends
2025-06-16 13:41:46,891 - INFO - Reconciliation Ends
2025-06-16 13:41:46,923 - INFO - Result sent as API
2025-06-16 13:41:46,924 - INFO - ----------------------------------
2025-06-16 13:52:04,605 - INFO - --------------------------------------------
2025-06-16 13:52:04,607 - INFO - Entered Main Function...
2025-06-16 13:52:05,528 - INFO - Records found within the date range. Running reconciliation...
2025-06-16 13:52:05,530 - INFO - Entering Reconciliation for RECHARGE Service
2025-06-16 13:52:05,532 - INFO - Recharge service: Column 'REFID' renamed to 'REFID'
2025-06-16 13:52:05,532 - INFO - Fetching data from HUB for RECHARGE
2025-06-16 13:52:05,533 - INFO - Entered helper function to execute SQL with retry logic
2025-06-16 13:52:05,536 - ERROR - Error during SQL execution: (pymysql.err.OperationalError) (2006, "MySQL server has gone away (ConnectionAbortedError(10053, 'An established connection was aborted by the software in your host machine', None, 10053, None))")
[SQL: 
        SELECT mt2.TransactionRefNum AS IHUB_REFERENCE,
               mt2.TenantDetailId as TENANT_ID,   
               sn.requestID AS VENDOR_REFERENCE,
               u.UserName as IHUB_USERNAME, 
               mt2.TransactionStatus AS IHUB_MASTER_STATUS,
               sn.CreationTs AS SERVICE_DATE, 
               sn.rechargeStatus AS service_status,
               CASE
                   WHEN iwt.IHubReferenceId IS NOT NULL THEN 'Yes'
                   ELSE 'No'
               END AS IHUB_LEDGER_STATUS,
               CASE
                   WHEN twt.IHubReferenceId IS NOT NULL THEN 'Yes'
                   ELSE 'No'
               END AS TENANT_LEDGER_STATUS
        FROM ihubcore.MasterTransaction mt2
        LEFT JOIN ihubcore.MasterSubTransaction mst ON mst.MasterTransactionId = mt2.Id
        LEFT JOIN ihubcore.PsRechargeTransaction sn ON sn.MasterSubTransactionId = mst.Id
        LEFT JOIN tenantinetcsc.EboDetail ed ON mt2.EboDetailId = ed.Id
        LEFT JOIN tenantinetcsc.`User` u ON u.Id = ed.UserId
        LEFT JOIN (
            SELECT DISTINCT IHubReferenceId
            FROM ihubcore.IHubWalletTransaction
            WHERE DATE(CreationTs) BETWEEN %(start_date)s AND CURRENT_DATE()
        ) iwt ON iwt.IHubReferenceId = mt2.TransactionRefNum
        LEFT JOIN (
            SELECT DISTINCT IHubReferenceId
            FROM ihubcore.TenantWalletTransaction
            WHERE DATE(CreationTs) BETWEEN %(start_date)s AND CURRENT_DATE()
        ) twt ON twt.IHubReferenceId = mt2.TransactionRefNum
        WHERE DATE(sn.CreationTs) BETWEEN %(start_date)s AND %(end_date)s
    ]
[parameters: {'start_date': datetime.date(2025, 6, 2), 'end_date': datetime.date(2025, 6, 10)}]
(Background on this error at: https://sqlalche.me/e/20/e3q8)
2025-06-16 13:52:06,537 - INFO - Entered helper function to execute SQL with retry logic
2025-06-16 13:52:12,208 - INFO - Fetching Data from EBO Wallet Transaction
2025-06-16 13:52:12,209 - INFO - Entered helper function to execute SQL with retry logic
2025-06-16 13:52:12,955 - INFO - Entered Tenant filtering function
2025-06-16 13:52:12,956 - INFO - Entered helper function to execute SQL with retry logic
2025-06-16 13:52:13,746 - INFO - Filteration Starts for RECHARGE service
2025-06-16 13:52:13,845 - INFO - Filteration Ends
2025-06-16 13:52:13,846 - INFO - Reconciliation Ends
2025-06-16 13:52:13,877 - INFO - Result sent as API
2025-06-16 13:52:13,877 - INFO - ----------------------------------
